#
# There is insufficient memory for the Java Runtime Environment to continue.
# Native memory allocation (malloc) failed to allocate 1048576 bytes for AllocateHeap
# Possible reasons:
#   The system is out of physical RAM or swap space
#   The process is running with CompressedOops enabled, and the Java Heap may be blocking the growth of the native heap
# Possible solutions:
#   Reduce memory load on the system
#   Increase physical memory or swap space
#   Check if swap backing store is full
#   Decrease Java heap size (-Xmx/-Xms)
#   Decrease number of Java threads
#   Decrease Java thread stack sizes (-Xss)
#   Set larger code cache with -XX:ReservedCodeCacheSize=
#   JVM is running with Unscaled Compressed Oops mode in which the Java heap is
#     placed in the first 4GB address space. The Java Heap base address is the
#     maximum limit for the native heap growth. Please use -XX:HeapBaseMinAddress
#     to set the Java Heap base and to place the Java Heap above 4GB virtual address.
# This output file may be truncated or incomplete.
#
#  Out of Memory Error (./open/src/hotspot/share/memory/allocation.cpp:46), pid=10816, tid=6116
#
# JRE version: Java(TM) SE Runtime Environment 18.9 (11.0.10+8) (build 11.0.10+8-LTS-162)
# Java VM: Java HotSpot(TM) 64-Bit Server VM 18.9 (11.0.10+8-LTS-162, mixed mode, tiered, compressed oops, g1 gc, windows-amd64)
# No core dump will be written. Minidumps are not enabled by default on client versions of Windows
#

---------------  S U M M A R Y ------------

Command Line: -Dcom.sun.management.jmxremote -Dcom.sun.management.jmxremote.port=53202 -Dcom.sun.management.jmxremote.authenticate=false -Dcom.sun.management.jmxremote.ssl=false -Djava.rmi.server.hostname=localhost -Dspring.jmx.enabled=true -Dspring.application.admin.enabled=true -XX:TieredStopAtLevel=1 -Dspring.boot.project.name=SG00373428 -Dfile.encoding=UTF-8 com.example.demo.FinalProject2021v1Application

Host: Intel(R) Core(TM) i3-5005U CPU @ 2.00GHz, 4 cores, 7G,  Windows 10 , 64 bit Build 19041 (10.0.19041.804)
Time: Tue Apr  6 16:39:46 2021 GMT Summer Time elapsed time: 8.494320 seconds (0d 0h 0m 8s)

---------------  T H R E A D  ---------------

Current thread (0x000001a59118e800):  VMThread "VM Thread" [stack: 0x0000004c18000000,0x0000004c18100000] [id=6116]

Stack: [0x0000004c18000000,0x0000004c18100000]
[error occurred during error reporting (printing stack bounds), id 0xc0000005, EXCEPTION_ACCESS_VIOLATION (0xc0000005) at pc=0x000001a580000f2d]

Native frames: (J=compiled Java code, j=interpreted, Vv=VM code, C=native code)
V  [jvm.dll+0x613e6a]
V  [jvm.dll+0x74c1ff]
V  [jvm.dll+0x74d885]
V  [jvm.dll+0x74de65]
V  [jvm.dll+0x74de1b]
V  [jvm.dll+0x6136a3]
V  [jvm.dll+0x613a68]
C  [ntdll.dll+0xa1f6f]
C  [ntdll.dll+0x51454]
C  [ntdll.dll+0xa0a9e]
C  0x000001a580000f2d

VM_Operation (0x0000004c17af80e0): CollectForMetadataAllocation, mode: safepoint, requested by thread 0x000001a5f2c92000


---------------  P R O C E S S  ---------------

Threads class SMR info:
_java_thread_list=0x000001a593f904d0, length=22, elements={
0x000001a5f2c92000, 0x000001a5911c7000, 0x000001a5911d1000, 0x000001a591b42800,
0x000001a5911bf800, 0x000001a5911c1000, 0x000001a5911f5000, 0x000001a591148800,
0x000001a591cc9800, 0x000001a5921b7000, 0x000001a5921a9800, 0x000001a592224800,
0x000001a5925f0800, 0x000001a59260e800, 0x000001a59261b800, 0x000001a59263b800,
0x000001a593fc8800, 0x000001a593fc9000, 0x000001a593ef8800, 0x000001a594014000,
0x000001a594013800, 0x000001a59401a000
}

Java Threads: ( => current thread )
  0x000001a5f2c92000 JavaThread "main" [_thread_blocked, id=3496, stack(0x0000004c17a00000,0x0000004c17b00000)]
  0x000001a5911c7000 JavaThread "Reference Handler" daemon [_thread_blocked, id=12952, stack(0x0000004c18100000,0x0000004c18200000)]
  0x000001a5911d1000 JavaThread "Finalizer" daemon [_thread_blocked, id=12700, stack(0x0000004c18200000,0x0000004c18300000)]
  0x000001a591b42800 JavaThread "Signal Dispatcher" daemon [_thread_blocked, id=13704, stack(0x0000004c18300000,0x0000004c18400000)]
  0x000001a5911bf800 JavaThread "Attach Listener" daemon [_thread_blocked, id=10800, stack(0x0000004c18400000,0x0000004c18500000)]
  0x000001a5911c1000 JavaThread "C1 CompilerThread0" daemon [_thread_blocked, id=12276, stack(0x0000004c18500000,0x0000004c18600000)]
  0x000001a5911f5000 JavaThread "Sweeper thread" daemon [_thread_blocked, id=13276, stack(0x0000004c18600000,0x0000004c18700000)]
  0x000001a591148800 JavaThread "Common-Cleaner" daemon [_thread_blocked, id=10708, stack(0x0000004c18700000,0x0000004c18800000)]
  0x000001a591cc9800 JavaThread "Service Thread" daemon [_thread_blocked, id=4156, stack(0x0000004c18800000,0x0000004c18900000)]
  0x000001a5921b7000 JavaThread "RMI TCP Accept-0" daemon [_thread_in_native, id=7052, stack(0x0000004c18900000,0x0000004c18a00000)]
  0x000001a5921a9800 JavaThread "RMI TCP Accept-53202" daemon [_thread_in_native, id=1028, stack(0x0000004c18a00000,0x0000004c18b00000)]
  0x000001a592224800 JavaThread "RMI TCP Accept-0" daemon [_thread_in_native, id=8316, stack(0x0000004c18b00000,0x0000004c18c00000)]
  0x000001a5925f0800 JavaThread "RMI TCP Connection(1)-127.0.0.1" daemon [_thread_in_native, id=12672, stack(0x0000004c18f00000,0x0000004c19000000)]
  0x000001a59260e800 JavaThread "RMI Scheduler(0)" daemon [_thread_blocked, id=1328, stack(0x0000004c19000000,0x0000004c19100000)]
  0x000001a59261b800 JavaThread "RMI TCP Connection(2)-127.0.0.1" daemon [_thread_blocked, id=5240, stack(0x0000004c19100000,0x0000004c19200000)]
  0x000001a59263b800 JavaThread "JMX server connection timeout 19" daemon [_thread_blocked, id=9644, stack(0x0000004c19200000,0x0000004c19300000)]
  0x000001a593fc8800 JavaThread "Catalina-utility-1" [_thread_blocked, id=1516, stack(0x0000004c19300000,0x0000004c19400000)]
  0x000001a593fc9000 JavaThread "Catalina-utility-2" [_thread_blocked, id=9048, stack(0x0000004c19500000,0x0000004c19600000)]
  0x000001a593ef8800 JavaThread "container-0" [_thread_blocked, id=13960, stack(0x0000004c19600000,0x0000004c19700000)]
  0x000001a594014000 JavaThread "mysql-cj-abandoned-connection-cleanup" daemon [_thread_blocked, id=14536, stack(0x0000004c19700000,0x0000004c19800000)]
  0x000001a594013800 JavaThread "HikariPool-1 housekeeper" daemon [_thread_blocked, id=2260, stack(0x0000004c19900000,0x0000004c19a00000)]
  0x000001a59401a000 JavaThread "HikariPool-1 connection adder" daemon [_thread_blocked, id=13848, stack(0x0000004c19a00000,0x0000004c19b00000)]

Other Threads:
=>0x000001a59118e800 VMThread "VM Thread" [stack: 0x0000004c18000000,0x0000004c18100000] [id=6116]
  0x000001a59222e000 WatcherThread [stack: 0x0000004c18c00000,0x0000004c18d00000] [id=11608]
  0x000001a5f2ca7800 GCTaskThread "GC Thread#0" [stack: 0x0000004c17b00000,0x0000004c17c00000] [id=12156]
  0x000001a5922b0000 GCTaskThread "GC Thread#1" [stack: 0x0000004c18d00000,0x0000004c18e00000] [id=12308]
  0x000001a5922b3000 GCTaskThread "GC Thread#2" [stack: 0x0000004c18e00000,0x0000004c18f00000] [id=7588]
  0x000001a5926fe800 GCTaskThread "GC Thread#3" [stack: 0x0000004c19400000,0x0000004c19500000] [id=13912]
  0x000001a5f2cd7800 ConcurrentGCThread "G1 Main Marker" [stack: 0x0000004c17c00000,0x0000004c17d00000] [id=13156]
  0x000001a5f2cda800 ConcurrentGCThread "G1 Conc#0" [stack: 0x0000004c17d00000,0x0000004c17e00000] [id=6444]
  0x000001a5f2d6a800 ConcurrentGCThread "G1 Refine#0" [stack: 0x0000004c17e00000,0x0000004c17f00000] [id=13892]
  0x000001a5f2d6c000 ConcurrentGCThread "G1 Young RemSet Sampling" [stack: 0x0000004c17f00000,0x0000004c18000000] [id=10176]

Threads with active compile tasks:

VM state:at safepoint (normal execution)

VM Mutex/Monitor currently owned by a thread:  ([mutex/lock_event])
[0x000001a5f2c8de00] Threads_lock - owner thread: 0x000001a59118e800
[0x000001a5f2c8e4c0] Heap_lock - owner thread: 0x000001a5f2c92000

Heap address: 0x0000000081800000, size: 2024 MB, Compressed Oops mode: 32-bit
Narrow klass base: 0x0000000000000000, Narrow klass shift: 3
Compressed class space size: 1073741824 Address: 0x0000000100000000

Heap:
 garbage-first heap   total 157696K, used 21406K [0x0000000081800000, 0x0000000100000000)
  region size 1024K, 6 young (6144K), 6 survivors (6144K)
 Metaspace       used 56301K, capacity 57738K, committed 57856K, reserved 1107968K
  class space    used 7511K, capacity 8084K, committed 8192K, reserved 1048576K
Heap Regions: E=young(eden), S=young(survivor), O=old, HS=humongous(starts), HC=humongous(continues), CS=collection set, F=free, A=archive, TAMS=top-at-mark-start (previous, next)
|   0|0x0000000081800000, 0x0000000081900000, 0x0000000081900000|100%|HS|  |TAMS 0x0000000081900000, 0x0000000081900000| Complete 
|   1|0x0000000081900000, 0x0000000081a00000, 0x0000000081a00000|100%| O|  |TAMS 0x0000000081a00000, 0x0000000081a00000| Untracked 
|   2|0x0000000081a00000, 0x0000000081b00000, 0x0000000081b00000|100%| O|  |TAMS 0x0000000081b00000, 0x0000000081b00000| Untracked 
|   3|0x0000000081b00000, 0x0000000081c00000, 0x0000000081c00000|100%| O|  |TAMS 0x0000000081c00000, 0x0000000081c00000| Untracked 
|   4|0x0000000081c00000, 0x0000000081d00000, 0x0000000081d00000|100%| O|  |TAMS 0x0000000081d00000, 0x0000000081d00000| Untracked 
|   5|0x0000000081d00000, 0x0000000081e00000, 0x0000000081e00000|100%| O|  |TAMS 0x0000000081e00000, 0x0000000081e00000| Untracked 
|   6|0x0000000081e00000, 0x0000000081f00000, 0x0000000081f00000|100%| O|  |TAMS 0x0000000081ebb000, 0x0000000081f00000| Untracked 
|   7|0x0000000081f00000, 0x0000000082000000, 0x0000000082000000|100%| O|  |TAMS 0x0000000081f00000, 0x0000000082000000| Untracked 
|   8|0x0000000082000000, 0x0000000082100000, 0x0000000082100000|100%| O|  |TAMS 0x0000000082000000, 0x0000000082100000| Untracked 
|   9|0x0000000082100000, 0x0000000082200000, 0x0000000082200000|100%| O|  |TAMS 0x0000000082100000, 0x0000000082200000| Untracked 
|  10|0x0000000082200000, 0x0000000082300000, 0x0000000082300000|100%| O|  |TAMS 0x0000000082200000, 0x0000000082300000| Untracked 
|  11|0x0000000082300000, 0x0000000082400000, 0x0000000082400000|100%| O|  |TAMS 0x0000000082300000, 0x0000000082400000| Untracked 
|  12|0x0000000082400000, 0x0000000082500000, 0x0000000082500000|100%| O|  |TAMS 0x0000000082400000, 0x0000000082500000| Untracked 
|  13|0x0000000082500000, 0x0000000082600000, 0x0000000082600000|100%| O|  |TAMS 0x0000000082500000, 0x0000000082600000| Untracked 
|  14|0x0000000082600000, 0x0000000082700000, 0x0000000082700000|100%| O|  |TAMS 0x0000000082600000, 0x0000000082700000| Untracked 
|  15|0x0000000082700000, 0x000000008270e600, 0x0000000082800000|  5%| O|  |TAMS 0x0000000082700000, 0x000000008270e600| Untracked 
|  16|0x0000000082800000, 0x0000000082800000, 0x0000000082900000|  0%| F|  |TAMS 0x0000000082800000, 0x0000000082800000| Untracked 
|  17|0x0000000082900000, 0x0000000082900000, 0x0000000082a00000|  0%| F|  |TAMS 0x0000000082900000, 0x0000000082900000| Untracked 
|  18|0x0000000082a00000, 0x0000000082a00000, 0x0000000082b00000|  0%| F|  |TAMS 0x0000000082a00000, 0x0000000082a00000| Untracked 
|  19|0x0000000082b00000, 0x0000000082b00000, 0x0000000082c00000|  0%| F|  |TAMS 0x0000000082b00000, 0x0000000082b00000| Untracked 
|  20|0x0000000082c00000, 0x0000000082c00000, 0x0000000082d00000|  0%| F|  |TAMS 0x0000000082c00000, 0x0000000082c00000| Untracked 
|  21|0x0000000082d00000, 0x0000000082d00000, 0x0000000082e00000|  0%| F|  |TAMS 0x0000000082d00000, 0x0000000082d00000| Untracked 
|  22|0x0000000082e00000, 0x0000000082e00000, 0x0000000082f00000|  0%| F|  |TAMS 0x0000000082e00000, 0x0000000082e00000| Untracked 
|  23|0x0000000082f00000, 0x0000000082f00000, 0x0000000083000000|  0%| F|  |TAMS 0x0000000082f00000, 0x0000000082f00000| Untracked 
|  24|0x0000000083000000, 0x0000000083000000, 0x0000000083100000|  0%| F|  |TAMS 0x0000000083000000, 0x0000000083000000| Untracked 
|  25|0x0000000083100000, 0x0000000083100000, 0x0000000083200000|  0%| F|  |TAMS 0x0000000083100000, 0x0000000083100000| Untracked 
|  26|0x0000000083200000, 0x0000000083200000, 0x0000000083300000|  0%| F|  |TAMS 0x0000000083200000, 0x0000000083200000| Untracked 
|  27|0x0000000083300000, 0x0000000083300000, 0x0000000083400000|  0%| F|  |TAMS 0x0000000083300000, 0x0000000083300000| Untracked 
|  28|0x0000000083400000, 0x0000000083400000, 0x0000000083500000|  0%| F|  |TAMS 0x0000000083400000, 0x0000000083400000| Untracked 
|  29|0x0000000083500000, 0x0000000083500000, 0x0000000083600000|  0%| F|  |TAMS 0x0000000083500000, 0x0000000083500000| Untracked 
|  30|0x0000000083600000, 0x0000000083600000, 0x0000000083700000|  0%| F|  |TAMS 0x0000000083600000, 0x0000000083600000| Untracked 
|  31|0x0000000083700000, 0x0000000083700000, 0x0000000083800000|  0%| F|  |TAMS 0x0000000083700000, 0x0000000083700000| Untracked 
|  32|0x0000000083800000, 0x0000000083800000, 0x0000000083900000|  0%| F|  |TAMS 0x0000000083800000, 0x0000000083800000| Untracked 
|  33|0x0000000083900000, 0x0000000083900000, 0x0000000083a00000|  0%| F|  |TAMS 0x0000000083900000, 0x0000000083900000| Untracked 
|  34|0x0000000083a00000, 0x0000000083a00000, 0x0000000083b00000|  0%| F|  |TAMS 0x0000000083a00000, 0x0000000083a00000| Untracked 
|  35|0x0000000083b00000, 0x0000000083b00000, 0x0000000083c00000|  0%| F|  |TAMS 0x0000000083b00000, 0x0000000083b00000| Untracked 
|  36|0x0000000083c00000, 0x0000000083c00000, 0x0000000083d00000|  0%| F|  |TAMS 0x0000000083c00000, 0x0000000083c00000| Untracked 
|  37|0x0000000083d00000, 0x0000000083d00000, 0x0000000083e00000|  0%| F|  |TAMS 0x0000000083d00000, 0x0000000083d00000| Untracked 
|  38|0x0000000083e00000, 0x0000000083e00000, 0x0000000083f00000|  0%| F|  |TAMS 0x0000000083e00000, 0x0000000083e00000| Untracked 
|  39|0x0000000083f00000, 0x0000000083f00000, 0x0000000084000000|  0%| F|  |TAMS 0x0000000083f00000, 0x0000000083f00000| Untracked 
|  40|0x0000000084000000, 0x0000000084000000, 0x0000000084100000|  0%| F|  |TAMS 0x0000000084000000, 0x0000000084000000| Untracked 
|  41|0x0000000084100000, 0x0000000084100000, 0x0000000084200000|  0%| F|  |TAMS 0x0000000084100000, 0x0000000084100000| Untracked 
|  42|0x0000000084200000, 0x0000000084200000, 0x0000000084300000|  0%| F|  |TAMS 0x0000000084200000, 0x0000000084200000| Untracked 
|  43|0x0000000084300000, 0x0000000084300000, 0x0000000084400000|  0%| F|  |TAMS 0x0000000084300000, 0x0000000084300000| Untracked 
|  44|0x0000000084400000, 0x0000000084400000, 0x0000000084500000|  0%| F|  |TAMS 0x0000000084400000, 0x0000000084400000| Untracked 
|  45|0x0000000084500000, 0x0000000084500000, 0x0000000084600000|  0%| F|  |TAMS 0x0000000084500000, 0x0000000084500000| Untracked 
|  46|0x0000000084600000, 0x0000000084600000, 0x0000000084700000|  0%| F|  |TAMS 0x0000000084600000, 0x0000000084600000| Untracked 
|  47|0x0000000084700000, 0x0000000084700000, 0x0000000084800000|  0%| F|  |TAMS 0x0000000084700000, 0x0000000084700000| Untracked 
|  48|0x0000000084800000, 0x0000000084800000, 0x0000000084900000|  0%| F|  |TAMS 0x0000000084800000, 0x0000000084800000| Untracked 
|  49|0x0000000084900000, 0x0000000084900000, 0x0000000084a00000|  0%| F|  |TAMS 0x0000000084900000, 0x0000000084900000| Untracked 
|  50|0x0000000084a00000, 0x0000000084a00000, 0x0000000084b00000|  0%| F|  |TAMS 0x0000000084a00000, 0x0000000084a00000| Untracked 
|  51|0x0000000084b00000, 0x0000000084b00000, 0x0000000084c00000|  0%| F|  |TAMS 0x0000000084b00000, 0x0000000084b00000| Untracked 
|  52|0x0000000084c00000, 0x0000000084c00000, 0x0000000084d00000|  0%| F|  |TAMS 0x0000000084c00000, 0x0000000084c00000| Untracked 
|  53|0x0000000084d00000, 0x0000000084d00000, 0x0000000084e00000|  0%| F|  |TAMS 0x0000000084d00000, 0x0000000084d00000| Untracked 
|  54|0x0000000084e00000, 0x0000000084e00000, 0x0000000084f00000|  0%| F|  |TAMS 0x0000000084e00000, 0x0000000084e00000| Untracked 
|  55|0x0000000084f00000, 0x0000000084f00000, 0x0000000085000000|  0%| F|  |TAMS 0x0000000084f00000, 0x0000000084f00000| Untracked 
|  56|0x0000000085000000, 0x0000000085000000, 0x0000000085100000|  0%| F|  |TAMS 0x0000000085000000, 0x0000000085000000| Untracked 
|  57|0x0000000085100000, 0x0000000085100000, 0x0000000085200000|  0%| F|  |TAMS 0x0000000085100000, 0x0000000085100000| Untracked 
|  58|0x0000000085200000, 0x0000000085200000, 0x0000000085300000|  0%| F|  |TAMS 0x0000000085200000, 0x0000000085200000| Untracked 
|  59|0x0000000085300000, 0x0000000085300000, 0x0000000085400000|  0%| F|  |TAMS 0x0000000085300000, 0x0000000085300000| Untracked 
|  60|0x0000000085400000, 0x0000000085400000, 0x0000000085500000|  0%| F|  |TAMS 0x0000000085400000, 0x0000000085400000| Untracked 
|  61|0x0000000085500000, 0x0000000085500000, 0x0000000085600000|  0%| F|  |TAMS 0x0000000085500000, 0x0000000085500000| Untracked 
|  62|0x0000000085600000, 0x0000000085600000, 0x0000000085700000|  0%| F|  |TAMS 0x0000000085600000, 0x0000000085600000| Untracked 
|  63|0x0000000085700000, 0x0000000085700000, 0x0000000085800000|  0%| F|  |TAMS 0x0000000085700000, 0x0000000085700000| Untracked 
|  64|0x0000000085800000, 0x0000000085800000, 0x0000000085900000|  0%| F|  |TAMS 0x0000000085800000, 0x0000000085800000| Untracked 
|  65|0x0000000085900000, 0x0000000085900000, 0x0000000085a00000|  0%| F|  |TAMS 0x0000000085900000, 0x0000000085900000| Untracked 
|  66|0x0000000085a00000, 0x0000000085a00000, 0x0000000085b00000|  0%| F|  |TAMS 0x0000000085a00000, 0x0000000085a00000| Untracked 
|  67|0x0000000085b00000, 0x0000000085b00000, 0x0000000085c00000|  0%| F|  |TAMS 0x0000000085b00000, 0x0000000085b00000| Untracked 
|  68|0x0000000085c00000, 0x0000000085c00000, 0x0000000085d00000|  0%| F|  |TAMS 0x0000000085c00000, 0x0000000085c00000| Untracked 
|  69|0x0000000085d00000, 0x0000000085d00000, 0x0000000085e00000|  0%| F|  |TAMS 0x0000000085d00000, 0x0000000085d00000| Untracked 
|  70|0x0000000085e00000, 0x0000000085e00000, 0x0000000085f00000|  0%| F|  |TAMS 0x0000000085e00000, 0x0000000085e00000| Untracked 
|  71|0x0000000085f00000, 0x0000000085f00000, 0x0000000086000000|  0%| F|  |TAMS 0x0000000085f00000, 0x0000000085f00000| Untracked 
|  72|0x0000000086000000, 0x0000000086000000, 0x0000000086100000|  0%| F|  |TAMS 0x0000000086000000, 0x0000000086000000| Untracked 
|  73|0x0000000086100000, 0x0000000086100000, 0x0000000086200000|  0%| F|  |TAMS 0x0000000086100000, 0x0000000086100000| Untracked 
|  74|0x0000000086200000, 0x0000000086200000, 0x0000000086300000|  0%| F|  |TAMS 0x0000000086200000, 0x0000000086200000| Untracked 
|  75|0x0000000086300000, 0x0000000086300000, 0x0000000086400000|  0%| F|  |TAMS 0x0000000086300000, 0x0000000086300000| Untracked 
|  76|0x0000000086400000, 0x0000000086400000, 0x0000000086500000|  0%| F|  |TAMS 0x0000000086400000, 0x0000000086400000| Untracked 
|  77|0x0000000086500000, 0x0000000086500000, 0x0000000086600000|  0%| F|  |TAMS 0x0000000086500000, 0x0000000086500000| Untracked 
|  78|0x0000000086600000, 0x0000000086600000, 0x0000000086700000|  0%| F|  |TAMS 0x0000000086600000, 0x0000000086600000| Untracked 
|  79|0x0000000086700000, 0x0000000086700000, 0x0000000086800000|  0%| F|  |TAMS 0x0000000086700000, 0x0000000086700000| Untracked 
|  80|0x0000000086800000, 0x0000000086800000, 0x0000000086900000|  0%| F|  |TAMS 0x0000000086800000, 0x0000000086800000| Untracked 
|  81|0x0000000086900000, 0x0000000086900000, 0x0000000086a00000|  0%| F|  |TAMS 0x0000000086900000, 0x0000000086900000| Untracked 
|  82|0x0000000086a00000, 0x0000000086a00000, 0x0000000086b00000|  0%| F|  |TAMS 0x0000000086a00000, 0x0000000086a00000| Untracked 
|  83|0x0000000086b00000, 0x0000000086b00000, 0x0000000086c00000|  0%| F|  |TAMS 0x0000000086b00000, 0x0000000086b00000| Untracked 
|  84|0x0000000086c00000, 0x0000000086c00000, 0x0000000086d00000|  0%| F|  |TAMS 0x0000000086c00000, 0x0000000086c00000| Untracked 
|  85|0x0000000086d00000, 0x0000000086d00000, 0x0000000086e00000|  0%| F|  |TAMS 0x0000000086d00000, 0x0000000086d00000| Untracked 
|  86|0x0000000086e00000, 0x0000000086e00000, 0x0000000086f00000|  0%| F|  |TAMS 0x0000000086e00000, 0x0000000086e00000| Untracked 
|  87|0x0000000086f00000, 0x0000000086f00000, 0x0000000087000000|  0%| F|  |TAMS 0x0000000086f00000, 0x0000000086f00000| Untracked 
|  88|0x0000000087000000, 0x0000000087000000, 0x0000000087100000|  0%| F|  |TAMS 0x0000000087000000, 0x0000000087000000| Untracked 
|  89|0x0000000087100000, 0x0000000087100000, 0x0000000087200000|  0%| F|  |TAMS 0x0000000087100000, 0x0000000087100000| Untracked 
|  90|0x0000000087200000, 0x0000000087200000, 0x0000000087300000|  0%| F|  |TAMS 0x0000000087200000, 0x0000000087200000| Untracked 
|  91|0x0000000087300000, 0x0000000087300000, 0x0000000087400000|  0%| F|  |TAMS 0x0000000087300000, 0x0000000087300000| Untracked 
|  92|0x0000000087400000, 0x0000000087400000, 0x0000000087500000|  0%| F|  |TAMS 0x0000000087400000, 0x0000000087400000| Untracked 
|  93|0x0000000087500000, 0x0000000087500000, 0x0000000087600000|  0%| F|  |TAMS 0x0000000087500000, 0x0000000087500000| Untracked 
|  94|0x0000000087600000, 0x0000000087600000, 0x0000000087700000|  0%| F|  |TAMS 0x0000000087600000, 0x0000000087600000| Untracked 
|  95|0x0000000087700000, 0x0000000087700000, 0x0000000087800000|  0%| F|  |TAMS 0x0000000087700000, 0x0000000087700000| Untracked 
|  96|0x0000000087800000, 0x0000000087800000, 0x0000000087900000|  0%| F|  |TAMS 0x0000000087800000, 0x0000000087800000| Untracked 
|  97|0x0000000087900000, 0x0000000087900000, 0x0000000087a00000|  0%| F|  |TAMS 0x0000000087900000, 0x0000000087900000| Untracked 
|  98|0x0000000087a00000, 0x0000000087a00000, 0x0000000087b00000|  0%| F|  |TAMS 0x0000000087a00000, 0x0000000087a00000| Untracked 
|  99|0x0000000087b00000, 0x0000000087b00000, 0x0000000087c00000|  0%| F|  |TAMS 0x0000000087b00000, 0x0000000087b00000| Untracked 
| 100|0x0000000087c00000, 0x0000000087c00000, 0x0000000087d00000|  0%| F|  |TAMS 0x0000000087c00000, 0x0000000087c00000| Untracked 
| 101|0x0000000087d00000, 0x0000000087d00000, 0x0000000087e00000|  0%| F|  |TAMS 0x0000000087d00000, 0x0000000087d00000| Untracked 
| 102|0x0000000087e00000, 0x0000000087e00000, 0x0000000087f00000|  0%| F|  |TAMS 0x0000000087e00000, 0x0000000087e00000| Untracked 
| 103|0x0000000087f00000, 0x0000000087f00000, 0x0000000088000000|  0%| F|  |TAMS 0x0000000087f00000, 0x0000000087f00000| Untracked 
| 104|0x0000000088000000, 0x0000000088000000, 0x0000000088100000|  0%| F|  |TAMS 0x0000000088000000, 0x0000000088000000| Untracked 
| 105|0x0000000088100000, 0x0000000088100000, 0x0000000088200000|  0%| F|  |TAMS 0x0000000088100000, 0x0000000088100000| Untracked 
| 106|0x0000000088200000, 0x0000000088200000, 0x0000000088300000|  0%| F|  |TAMS 0x0000000088200000, 0x0000000088200000| Untracked 
| 107|0x0000000088300000, 0x0000000088300000, 0x0000000088400000|  0%| F|  |TAMS 0x0000000088300000, 0x0000000088300000| Untracked 
| 108|0x0000000088400000, 0x0000000088400000, 0x0000000088500000|  0%| F|  |TAMS 0x0000000088400000, 0x0000000088400000| Untracked 
| 109|0x0000000088500000, 0x0000000088500000, 0x0000000088600000|  0%| F|  |TAMS 0x0000000088500000, 0x0000000088500000| Untracked 
| 110|0x0000000088600000, 0x0000000088600000, 0x0000000088700000|  0%| F|  |TAMS 0x0000000088600000, 0x0000000088600000| Untracked 
| 111|0x0000000088700000, 0x0000000088700000, 0x0000000088800000|  0%| F|  |TAMS 0x0000000088700000, 0x0000000088700000| Untracked 
| 112|0x0000000088800000, 0x0000000088800000, 0x0000000088900000|  0%| F|  |TAMS 0x0000000088800000, 0x0000000088800000| Untracked 
| 113|0x0000000088900000, 0x0000000088900000, 0x0000000088a00000|  0%| F|  |TAMS 0x0000000088900000, 0x0000000088900000| Untracked 
| 114|0x0000000088a00000, 0x0000000088a00000, 0x0000000088b00000|  0%| F|  |TAMS 0x0000000088a00000, 0x0000000088a00000| Untracked 
| 115|0x0000000088b00000, 0x0000000088b00000, 0x0000000088c00000|  0%| F|  |TAMS 0x0000000088b00000, 0x0000000088b00000| Untracked 
| 116|0x0000000088c00000, 0x0000000088c00000, 0x0000000088d00000|  0%| F|  |TAMS 0x0000000088c00000, 0x0000000088c00000| Untracked 
| 117|0x0000000088d00000, 0x0000000088d00000, 0x0000000088e00000|  0%| F|  |TAMS 0x0000000088d00000, 0x0000000088d00000| Untracked 
| 118|0x0000000088e00000, 0x0000000088e00000, 0x0000000088f00000|  0%| F|  |TAMS 0x0000000088e00000, 0x0000000088e00000| Untracked 
| 119|0x0000000088f00000, 0x0000000088f00000, 0x0000000089000000|  0%| F|  |TAMS 0x0000000088f00000, 0x0000000088f00000| Untracked 
| 120|0x0000000089000000, 0x0000000089000000, 0x0000000089100000|  0%| F|  |TAMS 0x0000000089000000, 0x0000000089000000| Untracked 
| 121|0x0000000089100000, 0x00000000891d9580, 0x0000000089200000| 84%| S|CS|TAMS 0x0000000089100000, 0x0000000089100000| Complete 
| 122|0x0000000089200000, 0x0000000089300000, 0x0000000089300000|100%| S|CS|TAMS 0x0000000089200000, 0x0000000089200000| Complete 
| 123|0x0000000089300000, 0x0000000089400000, 0x0000000089400000|100%| S|CS|TAMS 0x0000000089300000, 0x0000000089300000| Complete 
| 124|0x0000000089400000, 0x0000000089500000, 0x0000000089500000|100%| S|CS|TAMS 0x0000000089400000, 0x0000000089400000| Complete 
| 125|0x0000000089500000, 0x0000000089600000, 0x0000000089600000|100%| S|CS|TAMS 0x0000000089500000, 0x0000000089500000| Complete 
| 126|0x0000000089600000, 0x0000000089700000, 0x0000000089700000|100%| S|CS|TAMS 0x0000000089600000, 0x0000000089600000| Complete 
| 127|0x0000000089700000, 0x0000000089700000, 0x0000000089800000|  0%| F|  |TAMS 0x0000000089700000, 0x0000000089700000| Untracked 
| 128|0x0000000089800000, 0x0000000089800000, 0x0000000089900000|  0%| F|  |TAMS 0x0000000089800000, 0x0000000089800000| Untracked 
| 129|0x0000000089900000, 0x0000000089900000, 0x0000000089a00000|  0%| F|  |TAMS 0x0000000089900000, 0x0000000089900000| Untracked 
| 130|0x0000000089a00000, 0x0000000089a00000, 0x0000000089b00000|  0%| F|  |TAMS 0x0000000089a00000, 0x0000000089a00000| Untracked 
| 131|0x0000000089b00000, 0x0000000089b00000, 0x0000000089c00000|  0%| F|  |TAMS 0x0000000089b00000, 0x0000000089b00000| Untracked 
| 132|0x0000000089c00000, 0x0000000089c00000, 0x0000000089d00000|  0%| F|  |TAMS 0x0000000089c00000, 0x0000000089c00000| Untracked 
| 133|0x0000000089d00000, 0x0000000089d00000, 0x0000000089e00000|  0%| F|  |TAMS 0x0000000089d00000, 0x0000000089d00000| Untracked 
| 134|0x0000000089e00000, 0x0000000089e00000, 0x0000000089f00000|  0%| F|  |TAMS 0x0000000089e00000, 0x0000000089e00000| Untracked 
| 135|0x0000000089f00000, 0x0000000089f00000, 0x000000008a000000|  0%| F|  |TAMS 0x0000000089f00000, 0x0000000089f00000| Untracked 
| 136|0x000000008a000000, 0x000000008a000000, 0x000000008a100000|  0%| F|  |TAMS 0x000000008a000000, 0x000000008a000000| Untracked 
| 137|0x000000008a100000, 0x000000008a100000, 0x000000008a200000|  0%| F|  |TAMS 0x000000008a100000, 0x000000008a100000| Untracked 
| 138|0x000000008a200000, 0x000000008a200000, 0x000000008a300000|  0%| F|  |TAMS 0x000000008a200000, 0x000000008a200000| Untracked 
| 139|0x000000008a300000, 0x000000008a300000, 0x000000008a400000|  0%| F|  |TAMS 0x000000008a300000, 0x000000008a300000| Untracked 
| 140|0x000000008a400000, 0x000000008a400000, 0x000000008a500000|  0%| F|  |TAMS 0x000000008a400000, 0x000000008a400000| Untracked 
| 141|0x000000008a500000, 0x000000008a500000, 0x000000008a600000|  0%| F|  |TAMS 0x000000008a500000, 0x000000008a500000| Untracked 
| 142|0x000000008a600000, 0x000000008a600000, 0x000000008a700000|  0%| F|  |TAMS 0x000000008a600000, 0x000000008a600000| Untracked 
| 143|0x000000008a700000, 0x000000008a700000, 0x000000008a800000|  0%| F|  |TAMS 0x000000008a700000, 0x000000008a700000| Untracked 
| 144|0x000000008a800000, 0x000000008a800000, 0x000000008a900000|  0%| F|  |TAMS 0x000000008a800000, 0x000000008a800000| Untracked 
| 145|0x000000008a900000, 0x000000008a900000, 0x000000008aa00000|  0%| F|  |TAMS 0x000000008a900000, 0x000000008a900000| Untracked 
| 146|0x000000008aa00000, 0x000000008aa00000, 0x000000008ab00000|  0%| F|  |TAMS 0x000000008aa00000, 0x000000008aa00000| Untracked 
| 147|0x000000008ab00000, 0x000000008ab00000, 0x000000008ac00000|  0%| F|  |TAMS 0x000000008ab00000, 0x000000008ab00000| Untracked 
| 148|0x000000008ac00000, 0x000000008ac00000, 0x000000008ad00000|  0%| F|  |TAMS 0x000000008ac00000, 0x000000008ac00000| Untracked 
| 149|0x000000008ad00000, 0x000000008ad00000, 0x000000008ae00000|  0%| F|  |TAMS 0x000000008ad00000, 0x000000008ad00000| Untracked 
| 150|0x000000008ae00000, 0x000000008ae00000, 0x000000008af00000|  0%| F|  |TAMS 0x000000008ae00000, 0x000000008ae00000| Untracked 
| 151|0x000000008af00000, 0x000000008af00000, 0x000000008b000000|  0%| F|  |TAMS 0x000000008af00000, 0x000000008af00000| Untracked 
| 152|0x000000008b000000, 0x000000008b000000, 0x000000008b100000|  0%| F|  |TAMS 0x000000008b000000, 0x000000008b000000| Untracked 
| 153|0x000000008b100000, 0x000000008b100000, 0x000000008b200000|  0%| F|  |TAMS 0x000000008b100000, 0x000000008b100000| Untracked 

Card table byte_map: [0x000001a5fb520000,0x000001a5fb920000] _byte_map_base: 0x000001a5fb114000

Marking Bits (Prev, Next): (CMBitMap*) 0x000001a5f2cceda8, (CMBitMap*) 0x000001a5f2ccede0
 Prev Bits: [0x000001a5fbd20000, 0x000001a5fdcc0000)
 Next Bits: [0x000001a5fdcc0000, 0x000001a5ffc60000)

Polling page: 0x000001a5f0c50000

Metaspace:

Usage:
  Non-class:     48.49 MB capacity,    47.65 MB ( 98%) used,   689.20 KB (  1%) free+waste,   174.63 KB ( <1%) overhead. 
      Class:      7.89 MB capacity,     7.34 MB ( 93%) used,   487.38 KB (  6%) free+waste,    85.31 KB (  1%) overhead. 
       Both:     56.38 MB capacity,    54.98 MB ( 98%) used,     1.15 MB (  2%) free+waste,   259.94 KB ( <1%) overhead. 

Virtual space:
  Non-class space:       58.00 MB reserved,      48.50 MB ( 84%) committed 
      Class space:        1.00 GB reserved,       8.00 MB ( <1%) committed 
             Both:        1.06 GB reserved,      56.50 MB (  5%) committed 

Chunk freelists:
   Non-Class:  1.25 KB
       Class:  1.50 KB
        Both:  2.75 KB

CodeHeap 'non-profiled nmethods': size=238912Kb used=6486Kb max_used=6486Kb free=232425Kb
 bounds [0x000001a5806b0000, 0x000001a580d10000, 0x000001a58f000000]
CodeHeap 'non-nmethods': size=6848Kb used=1232Kb max_used=1232Kb free=5615Kb
 bounds [0x000001a580000000, 0x000001a580270000, 0x000001a5806b0000]
 total_blobs=4816 nmethods=4208 adapters=534
 compilation: enabled
              stopped_count=0, restarted_count=0
 full_count=0

Compilation events (10 events):
Event: 8.333 Thread 0x000001a5911c1000 4204       1       java.lang.reflect.Constructor::getSignature (5 bytes)
Event: 8.333 Thread 0x000001a5911c1000 nmethod 4204 0x000001a580d04010 code [0x000001a580d041a0, 0x000001a580d04258]
Event: 8.346 Thread 0x000001a5911c1000 4205       1       java.util.AbstractCollection::toArray (70 bytes)
Event: 8.346 Thread 0x000001a5911c1000 nmethod 4205 0x000001a580d04310 code [0x000001a580d04520, 0x000001a580d048e8]
Event: 8.353 Thread 0x000001a5911c1000 4206       1       net.bytebuddy.description.ModifierReviewable$AbstractBase::<init> (5 bytes)
Event: 8.353 Thread 0x000001a5911c1000 nmethod 4206 0x000001a580d04a90 code [0x000001a580d04c20, 0x000001a580d04cd8]
Event: 8.361 Thread 0x000001a5911c1000 4207   !   1       java.util.AbstractList$Itr::next (45 bytes)
Event: 8.361 Thread 0x000001a5911c1000 nmethod 4207 0x000001a580d04d90 code [0x000001a580d04f80, 0x000001a580d052d8]
Event: 8.361 Thread 0x000001a5911c1000 4208       1       java.util.AbstractList$Itr::checkForComodification (23 bytes)
Event: 8.362 Thread 0x000001a5911c1000 nmethod 4208 0x000001a580d05510 code [0x000001a580d056c0, 0x000001a580d05848]

GC Heap History (10 events):
Event: 3.826 GC heap before
{Heap before GC invocations=6 (full 0):
 garbage-first heap   total 131072K, used 66016K [0x0000000081800000, 0x0000000100000000)
  region size 1024K, 60 young (61440K), 5 survivors (5120K)
 Metaspace       used 28749K, capacity 29614K, committed 29824K, reserved 1075200K
  class space    used 3580K, capacity 3922K, committed 3968K, reserved 1048576K
}
Event: 3.836 GC heap after
{Heap after GC invocations=7 (full 0):
 garbage-first heap   total 131072K, used 11742K [0x0000000081800000, 0x0000000100000000)
  region size 1024K, 5 young (5120K), 5 survivors (5120K)
 Metaspace       used 28749K, capacity 29614K, committed 29824K, reserved 1075200K
  class space    used 3580K, capacity 3922K, committed 3968K, reserved 1048576K
}
Event: 5.110 GC heap before
{Heap before GC invocations=7 (full 0):
 garbage-first heap   total 131072K, used 70110K [0x0000000081800000, 0x0000000100000000)
  region size 1024K, 63 young (64512K), 5 survivors (5120K)
 Metaspace       used 34642K, capacity 35753K, committed 35840K, reserved 1081344K
  class space    used 4488K, capacity 4939K, committed 4992K, reserved 1048576K
}
Event: 5.126 GC heap after
{Heap after GC invocations=8 (full 0):
 garbage-first heap   total 131072K, used 13968K [0x0000000081800000, 0x0000000100000000)
  region size 1024K, 7 young (7168K), 7 survivors (7168K)
 Metaspace       used 34642K, capacity 35753K, committed 35840K, reserved 1081344K
  class space    used 4488K, capacity 4939K, committed 4992K, reserved 1048576K
}
Event: 5.829 GC heap before
{Heap before GC invocations=9 (full 0):
 garbage-first heap   total 131072K, used 82576K [0x0000000081800000, 0x0000000100000000)
  region size 1024K, 75 young (76800K), 7 survivors (7168K)
 Metaspace       used 38541K, capacity 39866K, committed 40064K, reserved 1083392K
  class space    used 4981K, capacity 5502K, committed 5504K, reserved 1048576K
}
Event: 5.849 GC heap after
{Heap after GC invocations=10 (full 0):
 garbage-first heap   total 157696K, used 16025K [0x0000000081800000, 0x0000000100000000)
  region size 1024K, 6 young (6144K), 6 survivors (6144K)
 Metaspace       used 38541K, capacity 39866K, committed 40064K, reserved 1083392K
  class space    used 4981K, capacity 5502K, committed 5504K, reserved 1048576K
}
Event: 7.806 GC heap before
{Heap before GC invocations=10 (full 0):
 garbage-first heap   total 157696K, used 96921K [0x0000000081800000, 0x0000000100000000)
  region size 1024K, 85 young (87040K), 6 survivors (6144K)
 Metaspace       used 52140K, capacity 53559K, committed 53632K, reserved 1095680K
  class space    used 6890K, capacity 7481K, committed 7552K, reserved 1048576K
}
Event: 7.822 GC heap after
{Heap after GC invocations=11 (full 0):
 garbage-first heap   total 157696K, used 20225K [0x0000000081800000, 0x0000000100000000)
  region size 1024K, 10 young (10240K), 10 survivors (10240K)
 Metaspace       used 52140K, capacity 53559K, committed 53632K, reserved 1095680K
  class space    used 6890K, capacity 7481K, committed 7552K, reserved 1048576K
}
Event: 8.374 GC heap before
{Heap before GC invocations=11 (full 0):
 garbage-first heap   total 157696K, used 46849K [0x0000000081800000, 0x0000000100000000)
  region size 1024K, 37 young (37888K), 10 survivors (10240K)
 Metaspace       used 56301K, capacity 57738K, committed 57856K, reserved 1105920K
  class space    used 7511K, capacity 8084K, committed 8192K, reserved 1048576K
}
Event: 8.396 GC heap after
{Heap after GC invocations=12 (full 0):
 garbage-first heap   total 157696K, used 21406K [0x0000000081800000, 0x0000000100000000)
  region size 1024K, 6 young (6144K), 6 survivors (6144K)
 Metaspace       used 56301K, capacity 57738K, committed 57856K, reserved 1105920K
  class space    used 7511K, capacity 8084K, committed 8192K, reserved 1048576K
}

Deoptimization events (0 events):
No events

Classes redefined (0 events):
No events

Internal exceptions (10 events):
Event: 5.690 Thread 0x000001a5f2c92000 Exception <a 'java/lang/NoSuchMethodError'{0x00000000859bfe50}: java.lang.invoke.DirectMethodHandle$Holder.invokeInterface(Ljava/lang/Object;Ljava/lang/Object;Ljava/lang/Object;Ljava/lang/Object;)I> (0x00000000859bfe50) thrown at [./open/src/hotspot/share
Event: 5.753 Thread 0x000001a5f2c92000 Exception <a 'java/io/FileNotFoundException'{0x0000000085177ff0}> (0x0000000085177ff0) thrown at [./open/src/hotspot/share/prims/jni.cpp, line 611]
Event: 6.171 Thread 0x000001a59261b800 Exception <a 'java/lang/reflect/InvocationTargetException'{0x000000008a201df8}> (0x000000008a201df8) thrown at [./open/src/hotspot/share/runtime/reflection.cpp, line 1242]
Event: 6.700 Thread 0x000001a59261b800 Exception <a 'java/lang/reflect/InvocationTargetException'{0x000000008a205e30}> (0x000000008a205e30) thrown at [./open/src/hotspot/share/runtime/reflection.cpp, line 1242]
Event: 6.974 Thread 0x000001a5f2c92000 Exception <a 'sun/nio/fs/WindowsException'{0x00000000888a2c88}> (0x00000000888a2c88) thrown at [./open/src/hotspot/share/prims/jni.cpp, line 611]
Event: 6.989 Thread 0x000001a5f2c92000 Exception <a 'java/lang/NoSuchMethodError'{0x00000000888c7698}: java.lang.invoke.DirectMethodHandle$Holder.invokeStaticInit(Ljava/lang/Object;Ljava/lang/Object;Ljava/lang/Object;Ljava/lang/Object;)I> (0x00000000888c7698) thrown at [./open/src/hotspot/shar
Event: 7.253 Thread 0x000001a59261b800 Exception <a 'java/lang/reflect/InvocationTargetException'{0x000000008a209e68}> (0x000000008a209e68) thrown at [./open/src/hotspot/share/runtime/reflection.cpp, line 1242]
Event: 7.525 Thread 0x000001a5f2c92000 Exception <a 'java/lang/NoSuchMethodError'{0x0000000087bb9a58}: java.lang.invoke.DirectMethodHandle$Holder.invokeStaticInit(Ljava/lang/Object;Ljava/lang/Object;Ljava/lang/Object;Ljava/lang/Object;)Ljava/lang/Object;> (0x0000000087bb9a58) thrown at [./open
Event: 7.823 Thread 0x000001a59261b800 Exception <a 'java/lang/reflect/InvocationTargetException'{0x000000008b100428}> (0x000000008b100428) thrown at [./open/src/hotspot/share/runtime/reflection.cpp, line 1242]
Event: 7.939 Thread 0x000001a5f2c92000 Exception <a 'java/lang/NoSuchMethodError'{0x000000008aa80778}: java.lang.invoke.DirectMethodHandle$Holder.newInvokeSpecial(Ljava/lang/Object;Ljava/lang/Object;ILjava/lang/Object;Ljava/lang/Object;)Ljava/lang/Object;> (0x000000008aa80778) thrown at [./ope

Events (10 events):
Event: 8.370 loading class net/bytebuddy/dynamic/scaffold/MethodGraph$Compiler$Default$Key$Store$Entry$Ambiguous done
Event: 8.371 loading class net/bytebuddy/description/type/TypeList$Generic$ForDetachedTypes$WithResolvedErasure
Event: 8.371 loading class net/bytebuddy/description/type/TypeList$Generic$ForDetachedTypes$WithResolvedErasure done
Event: 8.371 loading class net/bytebuddy/description/type/TypeList$Generic$OfLoadedInterfaceTypes
Event: 8.371 loading class net/bytebuddy/description/type/TypeList$Generic$OfLoadedInterfaceTypes done
Event: 8.373 loading class net/bytebuddy/dynamic/scaffold/MethodGraph$Compiler$Default$Key$Harmonized
Event: 8.373 loading class net/bytebuddy/dynamic/scaffold/MethodGraph$Compiler$Default$Key$Harmonized done
Event: 8.373 loading class net/bytebuddy/dynamic/scaffold/MethodGraph$Compiler$Default$Key
Event: 8.373 loading class net/bytebuddy/dynamic/scaffold/MethodGraph$Compiler$Default$Key done
Event: 8.374 Executing VM operation: CollectForMetadataAllocation


Dynamic libraries:
0x00007ff677bc0000 - 0x00007ff677bcf000 	C:\Program Files\Java\jdk-11.0.10\bin\javaw.exe
0x00007ffa55f70000 - 0x00007ffa56165000 	C:\WINDOWS\SYSTEM32\ntdll.dll
0x00007ffa545c0000 - 0x00007ffa5467d000 	C:\WINDOWS\System32\KERNEL32.DLL
0x00007ffa538c0000 - 0x00007ffa53b89000 	C:\WINDOWS\System32\KERNELBASE.dll
0x00007ffa537c0000 - 0x00007ffa538c0000 	C:\WINDOWS\System32\ucrtbase.dll
0x00007ffa31540000 - 0x00007ffa31558000 	C:\Program Files\Java\jdk-11.0.10\bin\jli.dll
0x00007ffa54250000 - 0x00007ffa542fc000 	C:\WINDOWS\System32\ADVAPI32.dll
0x00007ffa54100000 - 0x00007ffa5419e000 	C:\WINDOWS\System32\msvcrt.dll
0x00007ffa55b20000 - 0x00007ffa55bbc000 	C:\WINDOWS\System32\sechost.dll
0x00007ffa55c40000 - 0x00007ffa55d6b000 	C:\WINDOWS\System32\RPCRT4.dll
0x00007ffa543b0000 - 0x00007ffa54550000 	C:\WINDOWS\System32\USER32.dll
0x00007ffa53fa0000 - 0x00007ffa53fc2000 	C:\WINDOWS\System32\win32u.dll
0x00007ffa54360000 - 0x00007ffa5438a000 	C:\WINDOWS\System32\GDI32.dll
0x00007ffa53bc0000 - 0x00007ffa53ccb000 	C:\WINDOWS\System32\gdi32full.dll
0x00007ffa53f00000 - 0x00007ffa53f9d000 	C:\WINDOWS\System32\msvcp_win.dll
0x00007ffa49460000 - 0x00007ffa496fa000 	C:\WINDOWS\WinSxS\amd64_microsoft.windows.common-controls_6595b64144ccf1df_6.0.19041.844_none_ca00b6081b84eb1d\COMCTL32.dll
0x00007ffa47650000 - 0x00007ffa4765a000 	C:\WINDOWS\SYSTEM32\VERSION.dll
0x00007ffa30400000 - 0x00007ffa30415000 	C:\Program Files\Java\jdk-11.0.10\bin\VCRUNTIME140.dll
0x00007ffa55f00000 - 0x00007ffa55f30000 	C:\WINDOWS\System32\IMM32.DLL
0x00007ffa30020000 - 0x00007ffa300bb000 	C:\Program Files\Java\jdk-11.0.10\bin\msvcp140.dll
0x00007ff9f8a20000 - 0x00007ff9f951b000 	C:\Program Files\Java\jdk-11.0.10\bin\server\jvm.dll
0x00007ffa53fd0000 - 0x00007ffa53fd8000 	C:\WINDOWS\System32\PSAPI.DLL
0x00007ffa51e40000 - 0x00007ffa51e49000 	C:\WINDOWS\SYSTEM32\WSOCK32.dll
0x00007ffa54550000 - 0x00007ffa545bb000 	C:\WINDOWS\System32\WS2_32.dll
0x00007ffa43360000 - 0x00007ffa43387000 	C:\WINDOWS\SYSTEM32\WINMM.dll
0x00007ffa51f30000 - 0x00007ffa51f42000 	C:\WINDOWS\SYSTEM32\kernel.appcore.dll
0x00007ffa4daf0000 - 0x00007ffa4db00000 	C:\Program Files\Java\jdk-11.0.10\bin\verify.dll
0x00007ffa43aa0000 - 0x00007ffa43c84000 	C:\WINDOWS\SYSTEM32\DBGHELP.DLL
0x00007ffa43a70000 - 0x00007ffa43a9c000 	C:\WINDOWS\SYSTEM32\dbgcore.DLL
0x00007ffa53d20000 - 0x00007ffa53da0000 	C:\WINDOWS\System32\bcryptPrimitives.dll
0x00007ffa2fc10000 - 0x00007ffa2fc38000 	C:\Program Files\Java\jdk-11.0.10\bin\java.dll
0x00007ffa4cc60000 - 0x00007ffa4cc6a000 	C:\Program Files\Java\jdk-11.0.10\bin\jimage.dll
0x00007ffa30c40000 - 0x00007ffa30c56000 	C:\Program Files\Java\jdk-11.0.10\bin\zip.dll
0x00007ffa54840000 - 0x00007ffa54f82000 	C:\WINDOWS\System32\SHELL32.dll
0x00007ffa51690000 - 0x00007ffa51e20000 	C:\WINDOWS\SYSTEM32\windows.storage.dll
0x00007ffa55190000 - 0x00007ffa554e5000 	C:\WINDOWS\System32\combase.dll
0x00007ffa53120000 - 0x00007ffa5314c000 	C:\WINDOWS\SYSTEM32\Wldp.dll
0x00007ffa541a0000 - 0x00007ffa5424e000 	C:\WINDOWS\System32\SHCORE.dll
0x00007ffa554f0000 - 0x00007ffa55545000 	C:\WINDOWS\System32\shlwapi.dll
0x00007ffa535f0000 - 0x00007ffa5360f000 	C:\WINDOWS\SYSTEM32\profapi.dll
0x00007ffa2fbf0000 - 0x00007ffa2fc09000 	C:\Program Files\Java\jdk-11.0.10\bin\net.dll
0x00007ffa42ff0000 - 0x00007ffa430fc000 	C:\WINDOWS\SYSTEM32\WINHTTP.dll
0x00007ffa52d70000 - 0x00007ffa52dda000 	C:\WINDOWS\system32\mswsock.dll
0x00007ffa2f670000 - 0x00007ffa2f682000 	C:\Program Files\Java\jdk-11.0.10\bin\nio.dll
0x00007ffa4c7a0000 - 0x00007ffa4c7a9000 	C:\Program Files\Java\jdk-11.0.10\bin\management.dll
0x00007ffa4c790000 - 0x00007ffa4c79b000 	C:\Program Files\Java\jdk-11.0.10\bin\management_ext.dll
0x00007ffa40560000 - 0x00007ffa40577000 	C:\WINDOWS\system32\napinsp.dll
0x00007ffa40540000 - 0x00007ffa4055b000 	C:\WINDOWS\system32\pnrpnsp.dll
0x00007ffa40520000 - 0x00007ffa40535000 	C:\WINDOWS\system32\wshbth.dll
0x00007ffa4ef00000 - 0x00007ffa4ef1d000 	C:\WINDOWS\system32\NLAapi.dll
0x00007ffa52a80000 - 0x00007ffa52abb000 	C:\WINDOWS\SYSTEM32\IPHLPAPI.DLL
0x00007ffa52ac0000 - 0x00007ffa52b8b000 	C:\WINDOWS\SYSTEM32\DNSAPI.dll
0x00007ffa54090000 - 0x00007ffa54098000 	C:\WINDOWS\System32\NSI.dll
0x00007ffa40500000 - 0x00007ffa40512000 	C:\WINDOWS\System32\winrnr.dll
0x00007ffa432c0000 - 0x00007ffa432ca000 	C:\Windows\System32\rasadhlp.dll
0x00007ffa441e0000 - 0x00007ffa4425f000 	C:\WINDOWS\System32\fwpuclnt.dll
0x00007ffa53b90000 - 0x00007ffa53bb7000 	C:\WINDOWS\System32\bcrypt.dll
0x00007ffa52ff0000 - 0x00007ffa53008000 	C:\WINDOWS\SYSTEM32\CRYPTSP.dll
0x00007ffa52730000 - 0x00007ffa52764000 	C:\WINDOWS\system32\rsaenh.dll
0x00007ffa535b0000 - 0x00007ffa535de000 	C:\WINDOWS\SYSTEM32\USERENV.dll
0x00007ffa52ef0000 - 0x00007ffa52efc000 	C:\WINDOWS\SYSTEM32\CRYPTBASE.dll
0x00007ffa47bf0000 - 0x00007ffa47c07000 	C:\WINDOWS\SYSTEM32\dhcpcsvc6.DLL
0x00007ffa4a6f0000 - 0x00007ffa4a70d000 	C:\WINDOWS\SYSTEM32\dhcpcsvc.DLL
0x00007ffa4c7b0000 - 0x00007ffa4c7d5000 	C:\Program Files\Java\jdk-11.0.10\bin\sunec.dll
0x00007ffa4de20000 - 0x00007ffa4de2d000 	C:\Program Files\Java\jdk-11.0.10\bin\sunmscapi.dll
0x00007ffa53da0000 - 0x00007ffa53eff000 	C:\WINDOWS\System32\CRYPT32.dll
0x00007ffa53190000 - 0x00007ffa531b7000 	C:\WINDOWS\SYSTEM32\ncrypt.dll
0x00007ffa53150000 - 0x00007ffa5318b000 	C:\WINDOWS\SYSTEM32\NTASN1.dll

dbghelp: loaded successfully - version: 4.0.5 - missing functions: none
symbol engine: initialized successfully - sym options: 0x614 - pdb path: .;C:\Program Files\Java\jdk-11.0.10\bin;C:\WINDOWS\SYSTEM32;C:\WINDOWS\WinSxS\amd64_microsoft.windows.common-controls_6595b64144ccf1df_6.0.19041.844_none_ca00b6081b84eb1d;C:\Program Files\Java\jdk-11.0.10\bin\server

VM Arguments:
jvm_args: -Dcom.sun.management.jmxremote -Dcom.sun.management.jmxremote.port=53202 -Dcom.sun.management.jmxremote.authenticate=false -Dcom.sun.management.jmxremote.ssl=false -Djava.rmi.server.hostname=localhost -Dspring.jmx.enabled=true -Dspring.application.admin.enabled=true -XX:TieredStopAtLevel=1 -Dspring.boot.project.name=SG00373428 -Dfile.encoding=UTF-8 
java_command: com.example.demo.FinalProject2021v1Application
java_class_path (initial): C:\Users\oskar\Documents\College 3rd Year Semester 2\Advanced Data Centric Web App\G00373428\SG00373428\target\classes;C:\Users\oskar\.m2\repository\org\springframework\boot\spring-boot-starter-validation\2.4.2\spring-boot-starter-validation-2.4.2.jar;C:\Users\oskar\.m2\repository\org\springframework\boot\spring-boot-starter\2.4.2\spring-boot-starter-2.4.2.jar;C:\Users\oskar\.m2\repository\org\springframework\boot\spring-boot\2.4.2\spring-boot-2.4.2.jar;C:\Users\oskar\.m2\repository\org\springframework\boot\spring-boot-autoconfigure\2.4.2\spring-boot-autoconfigure-2.4.2.jar;C:\Users\oskar\.m2\repository\org\springframework\boot\spring-boot-starter-logging\2.4.2\spring-boot-starter-logging-2.4.2.jar;C:\Users\oskar\.m2\repository\ch\qos\logback\logback-classic\1.2.3\logback-classic-1.2.3.jar;C:\Users\oskar\.m2\repository\ch\qos\logback\logback-core\1.2.3\logback-core-1.2.3.jar;C:\Users\oskar\.m2\repository\org\apache\logging\log4j\log4j-to-slf4j\2.13.3\log4j-to-slf4j-2.13.3.jar;C:\Users\oskar\.m2\repository\org\apache\logging\log4j\log4j-api\2.13.3\log4j-api-2.13.3.jar;C:\Users\oskar\.m2\repository\org\slf4j\jul-to-slf4j\1.7.30\jul-to-slf4j-1.7.30.jar;C:\Users\oskar\.m2\repository\jakarta\annotation\jakarta.annotation-api\1.3.5\jakarta.annotation-api-1.3.5.jar;C:\Users\oskar\.m2\repository\org\yaml\snakeyaml\1.27\snakeyaml-1.27.jar;C:\Users\oskar\.m2\repository\org\glassfish\jakarta.el\3.0.3\jakarta.el-3.0.3.jar;C:\Users\oskar\.m2\repository\org\hibernate\validator\hibernate-validator\6.1.7.Final\hibernate-validator-6.1.7.Final.jar;C:\Users\oskar\.m2\repository\jakarta\validation\jakarta.validation-api\2.0.2\jakarta.validation-api-2.0.2.jar;C:\Users\oskar\.m2\repository\org\jboss\logging\jboss-logging\3.4.1.Final\jboss-logging-3.4.1.Final.jar;C:\Users\oskar\.m2\repository\com\fasterxml\classmate\1.5.1\classmate-1.5.1.jar;C:\Users\oskar\.m2\repository\org\springframework\boot\spring-boot-starter-data-jpa\2.4.2\spring-boot-starter-data-jpa-2
Launcher Type: SUN_STANDARD

[Global flags]
     intx CICompilerCount                          = 3                                         {product} {ergonomic}
     uint ConcGCThreads                            = 1                                         {product} {ergonomic}
     uint G1ConcRefinementThreads                  = 4                                         {product} {ergonomic}
   size_t G1HeapRegionSize                         = 1048576                                   {product} {ergonomic}
    uintx GCDrainStackTargetSize                   = 64                                        {product} {ergonomic}
   size_t InitialHeapSize                          = 134217728                                 {product} {ergonomic}
     bool ManagementServer                         = true                                      {product} {command line}
   size_t MarkStackSize                            = 4194304                                   {product} {ergonomic}
   size_t MaxHeapSize                              = 2122317824                                {product} {ergonomic}
   size_t MaxNewSize                               = 1272971264                                {product} {ergonomic}
   size_t MinHeapDeltaBytes                        = 1048576                                   {product} {ergonomic}
    uintx NonNMethodCodeHeapSize                   = 6973028                                {pd product} {ergonomic}
    uintx NonProfiledCodeHeapSize                  = 244685212                              {pd product} {ergonomic}
    uintx ProfiledCodeHeapSize                     = 0                                      {pd product} {ergonomic}
    uintx ReservedCodeCacheSize                    = 251658240                              {pd product} {ergonomic}
     bool SegmentedCodeCache                       = true                                      {product} {ergonomic}
     intx TieredStopAtLevel                        = 1                                         {product} {command line}
     bool UseCompressedClassPointers               = true                                 {lp64_product} {ergonomic}
     bool UseCompressedOops                        = true                                 {lp64_product} {ergonomic}
     bool UseG1GC                                  = true                                      {product} {ergonomic}
     bool UseLargePagesIndividualAllocation        = false                                  {pd product} {ergonomic}

Logging:
Log output configuration:
 #0: stdout all=warning uptime,level,tags
 #1: stderr all=off uptime,level,tags

Environment Variables:
JAVA_HOME=C:\Program Files\Java\jdk1.8.0_191\
CLASSPATH=.
PATH=C:/Program Files/Java/jdk-11.0.10/bin/server;C:/Program Files/Java/jdk-11.0.10/bin;C:\Program Files\Common Files\Oracle\Java\javapath;C:\Program Files (x86)\Common Files\Intel\Shared Libraries\redist\intel64\compiler;C:\Program Files (x86)\Common Files\Oracle\Java\javapath;C:\Program Files (x86)\Intel\iCLS Client\;C:\Program Files\Intel\iCLS Client\;C:\WINDOWS\system32;C:\WINDOWS;C:\WINDOWS\System32\Wbem;C:\WINDOWS\System32\WindowsPowerShell\v1.0\;C:\Program Files\Intel\Intel(R) Management Engine Components\DAL;C:\Program Files (x86)\Intel\Intel(R) Management Engine Components\DAL;C:\Program Files\Intel\Intel(R) Management Engine Components\IPT;C:\Program Files (x86)\Intel\Intel(R) Management Engine Components\IPT;C:\Program Files (x86)\Windows Live\Shared;C:\WINDOWS\System32\OpenSSH\;C:\Program Files\dotnet\;C:\Program Files\Java\jdk1.8.0_191\bin;C:\Program Files (x86)\dotnet\;C:\Program Files\Git\cmd;C:\Program Files\nodejs\;C:\Program Files\Java\jdk1.8.0_191\bin;C:\Users\oskar\AppData\Local\Programs\Microsoft VS Code\bin;C:\Users\oskar\AppData\Roaming\npm;C:\Users\oskar\eclipse\2020-09\eclipse;
USERNAME=oskar
OS=Windows_NT
PROCESSOR_IDENTIFIER=Intel64 Family 6 Model 61 Stepping 4, GenuineIntel



---------------  S Y S T E M  ---------------

OS: Windows 10 , 64 bit Build 19041 (10.0.19041.804)
Hyper-V role detected

CPU:total 4 (initial active 4) (2 cores per cpu, 2 threads per core) family 6 model 61 stepping 4 microcode 0x2d, cmov, cx8, fxsr, mmx, sse, sse2, sse3, ssse3, sse4.1, sse4.2, popcnt, avx, avx2, aes, clmul, erms, 3dnowpref, lzcnt, ht, tsc, tscinvbit, bmi1, bmi2, adx, fma

Memory: 4k page, system-wide physical 8095M (1007M free)
TotalPageFile size 10002M (AvailPageFile size 0M)
current process WorkingSet (physical memory assigned to process): 238M, peak: 238M
current process commit charge ("private bytes"): 304M, peak: 305M

vm_info: Java HotSpot(TM) 64-Bit Server VM (11.0.10+8-LTS-162) for windows-amd64 JRE (11.0.10+8-LTS-162), built on Dec  8 2020 16:32:57 by "mach5one" with MS VC++ 15.9 (VS2017)

END.
